2015-11-20 10:04:16 org.apache.catalina.core.AprLifecycleListener init
信息: The APR based Apache Tomcat Native library which allows optimal performance in production environments was not found on the java.library.path: D:\Program Files (x86)\Java\jdk1.6.0_18\bin;.;C:\Windows\Sun\Java\bin;C:\Windows\system32;C:\Windows;E:\app\Administrator\product\11.2.0\dbhome_1\bin;E:\app\wubo\product\11.2.0\dbhome_1\bin;D:\Program Files (x86)\Java\jdk1.6.0_18\bin;C:\apache-maven-3.1.0\bin;C:\apache-cxf-3.0.6\bin;C:\Program Files\Broadcom\Broadcom 802.11 Network Adapter\Driver;C:\Windows\system32;C:\Windows;C:\Windows\System32\Wbem;C:\Windows\System32\WindowsPowerShell\v1.0\;C:\Program Files (x86)\Windows7Master;D:\android-sdk-windows\tools;C:\Program Files\TortoiseSVN\bin;D:\Program Files (x86)\scala\bin;D:\Program Files\scala\bin;C:\Program Files (x86)\IDM Computer Solutions\UltraEdit\;C:\Program Files (x86)\SSH Communications Security\SSH Secure Shell
2015-11-20 10:04:18 org.apache.coyote.http11.Http11Protocol init
信息: Initializing Coyote HTTP/1.1 on http-8080
2015-11-20 10:04:18 org.apache.coyote.http11.Http11Protocol init
信息: Initializing Coyote HTTP/1.1 on http-8443
2015-11-20 10:04:18 org.apache.catalina.startup.Catalina load
信息: Initialization processed in 3266 ms
2015-11-20 10:04:19 org.apache.catalina.core.StandardService start
信息: Starting service Catalina
2015-11-20 10:04:19 org.apache.catalina.core.StandardEngine start
信息: Starting Servlet Engine: Apache Tomcat/6.0.35
2015-11-20 10:04:19 org.apache.catalina.startup.HostConfig deployDescriptor
信息: Deploying configuration descriptor host-manager.xml
2015-11-20 10:04:19 org.apache.catalina.startup.HostConfig deployDescriptor
信息: Deploying configuration descriptor manager.xml
2015-11-20 10:04:19 org.apache.catalina.startup.HostConfig deployWAR
信息: Deploying web application archive insight.war
2015-11-20 10:04:54 org.apache.catalina.startup.HostConfig deployDirectory
信息: Deploying web application directory docs
2015-11-20 10:04:55 org.apache.catalina.startup.HostConfig deployDirectory
信息: Deploying web application directory examples
2015-11-20 10:04:57 org.apache.catalina.startup.HostConfig deployDirectory
信息: Deploying web application directory ROOT
2015-11-20 10:04:57 org.apache.coyote.http11.Http11Protocol start
信息: Starting Coyote HTTP/1.1 on http-8080
2015-11-20 10:04:57 org.apache.coyote.http11.Http11Protocol start
信息: Starting Coyote HTTP/1.1 on http-8443
2015-11-20 10:04:57 org.apache.jk.common.ChannelSocket init
信息: JK: ajp13 listening on /0.0.0.0:8009
2015-11-20 10:04:57 org.apache.jk.server.JkMain start
信息: Jk running ID=0 time=0/42  config=null
2015-11-20 10:04:57 org.apache.catalina.startup.Catalina start
信息: Server startup in 38744 ms
2015-11-20 10:09:11 org.apache.catalina.core.AprLifecycleListener init
信息: The APR based Apache Tomcat Native library which allows optimal performance in production environments was not found on the java.library.path: D:\Program Files (x86)\Java\jdk1.6.0_18\bin;.;C:\Windows\Sun\Java\bin;C:\Windows\system32;C:\Windows;E:\app\Administrator\product\11.2.0\dbhome_1\bin;E:\app\wubo\product\11.2.0\dbhome_1\bin;D:\Program Files (x86)\Java\jdk1.6.0_18\bin;C:\apache-maven-3.1.0\bin;C:\apache-cxf-3.0.6\bin;C:\Program Files\Broadcom\Broadcom 802.11 Network Adapter\Driver;C:\Windows\system32;C:\Windows;C:\Windows\System32\Wbem;C:\Windows\System32\WindowsPowerShell\v1.0\;C:\Program Files (x86)\Windows7Master;D:\android-sdk-windows\tools;C:\Program Files\TortoiseSVN\bin;D:\Program Files (x86)\scala\bin;D:\Program Files\scala\bin;C:\Program Files (x86)\IDM Computer Solutions\UltraEdit\;C:\Program Files (x86)\SSH Communications Security\SSH Secure Shell
2015-11-20 10:09:11 org.apache.coyote.http11.Http11Protocol init
信息: Initializing Coyote HTTP/1.1 on http-8080
2015-11-20 10:09:11 org.apache.coyote.http11.Http11Protocol init
信息: Initializing Coyote HTTP/1.1 on http-8443
2015-11-20 10:09:11 org.apache.catalina.startup.Catalina load
信息: Initialization processed in 611 ms
2015-11-20 10:09:11 org.apache.catalina.core.StandardService start
信息: Starting service Catalina
2015-11-20 10:09:11 org.apache.catalina.core.StandardEngine start
信息: Starting Servlet Engine: Apache Tomcat/6.0.35
2015-11-20 10:09:11 org.apache.catalina.startup.HostConfig deployDescriptor
信息: Deploying configuration descriptor host-manager.xml
2015-11-20 10:09:12 org.apache.catalina.startup.HostConfig deployDescriptor
信息: Deploying configuration descriptor manager.xml
2015-11-20 10:09:12 org.apache.catalina.startup.HostConfig deployDirectory
信息: Deploying web application directory docs
2015-11-20 10:09:12 org.apache.catalina.startup.HostConfig deployDirectory
信息: Deploying web application directory examples
2015-11-20 10:09:12 org.apache.catalina.startup.HostConfig deployDirectory
信息: Deploying web application directory insight
2015-11-20 10:09:21 org.apache.catalina.startup.HostConfig deployDirectory
信息: Deploying web application directory ROOT
2015-11-20 10:09:21 org.apache.coyote.http11.Http11Protocol start
信息: Starting Coyote HTTP/1.1 on http-8080
2015-11-20 10:09:21 org.apache.coyote.http11.Http11Protocol start
信息: Starting Coyote HTTP/1.1 on http-8443
2015-11-20 10:09:21 org.apache.jk.common.ChannelSocket init
信息: JK: ajp13 listening on /0.0.0.0:8009
2015-11-20 10:09:21 org.apache.jk.server.JkMain start
信息: Jk running ID=0 time=0/21  config=null
2015-11-20 10:09:21 org.apache.catalina.startup.Catalina start
信息: Server startup in 10018 ms
2015-11-20 10:22:13 org.apache.catalina.core.AprLifecycleListener init
信息: The APR based Apache Tomcat Native library which allows optimal performance in production environments was not found on the java.library.path: D:\Program Files (x86)\Java\jdk1.6.0_18\bin;.;C:\Windows\Sun\Java\bin;C:\Windows\system32;C:\Windows;E:\app\Administrator\product\11.2.0\dbhome_1\bin;E:\app\wubo\product\11.2.0\dbhome_1\bin;D:\Program Files (x86)\Java\jdk1.6.0_18\bin;C:\apache-maven-3.1.0\bin;C:\apache-cxf-3.0.6\bin;C:\Program Files\Broadcom\Broadcom 802.11 Network Adapter\Driver;C:\Windows\system32;C:\Windows;C:\Windows\System32\Wbem;C:\Windows\System32\WindowsPowerShell\v1.0\;C:\Program Files (x86)\Windows7Master;D:\android-sdk-windows\tools;C:\Program Files\TortoiseSVN\bin;D:\Program Files (x86)\scala\bin;D:\Program Files\scala\bin;C:\Program Files (x86)\IDM Computer Solutions\UltraEdit\;C:\Program Files (x86)\SSH Communications Security\SSH Secure Shell
2015-11-20 10:22:13 org.apache.coyote.http11.Http11Protocol init
信息: Initializing Coyote HTTP/1.1 on http-8080
2015-11-20 10:22:13 org.apache.coyote.http11.Http11Protocol init
信息: Initializing Coyote HTTP/1.1 on http-8443
2015-11-20 10:22:13 org.apache.catalina.startup.Catalina load
信息: Initialization processed in 617 ms
2015-11-20 10:22:13 org.apache.catalina.core.StandardService start
信息: Starting service Catalina
2015-11-20 10:22:13 org.apache.catalina.core.StandardEngine start
信息: Starting Servlet Engine: Apache Tomcat/6.0.35
2015-11-20 10:22:13 org.apache.catalina.startup.HostConfig deployDescriptor
信息: Deploying configuration descriptor host-manager.xml
2015-11-20 10:22:13 org.apache.catalina.startup.HostConfig deployDescriptor
信息: Deploying configuration descriptor manager.xml
2015-11-20 10:22:13 org.apache.catalina.startup.HostConfig deployDirectory
信息: Deploying web application directory docs
2015-11-20 10:22:13 org.apache.catalina.startup.HostConfig deployDirectory
信息: Deploying web application directory examples
2015-11-20 10:22:14 org.apache.catalina.startup.HostConfig deployDirectory
信息: Deploying web application directory insight
2015-11-20 10:22:24 org.apache.catalina.startup.HostConfig deployDirectory
信息: Deploying web application directory ROOT
2015-11-20 10:22:24 org.apache.coyote.http11.Http11Protocol start
信息: Starting Coyote HTTP/1.1 on http-8080
2015-11-20 10:22:24 org.apache.coyote.http11.Http11Protocol start
信息: Starting Coyote HTTP/1.1 on http-8443
2015-11-20 10:22:24 org.apache.jk.common.ChannelSocket init
信息: JK: ajp13 listening on /0.0.0.0:8009
2015-11-20 10:22:24 org.apache.jk.server.JkMain start
信息: Jk running ID=0 time=0/17  config=null
2015-11-20 10:22:24 org.apache.catalina.startup.Catalina start
信息: Server startup in 10607 ms
2015-11-20 10:30:36 org.apache.catalina.core.AprLifecycleListener init
信息: The APR based Apache Tomcat Native library which allows optimal performance in production environments was not found on the java.library.path: D:\Program Files (x86)\Java\jdk1.6.0_18\bin;.;C:\Windows\Sun\Java\bin;C:\Windows\system32;C:\Windows;E:\app\Administrator\product\11.2.0\dbhome_1\bin;E:\app\wubo\product\11.2.0\dbhome_1\bin;D:\Program Files (x86)\Java\jdk1.6.0_18\bin;C:\apache-maven-3.1.0\bin;C:\apache-cxf-3.0.6\bin;C:\Program Files\Broadcom\Broadcom 802.11 Network Adapter\Driver;C:\Windows\system32;C:\Windows;C:\Windows\System32\Wbem;C:\Windows\System32\WindowsPowerShell\v1.0\;C:\Program Files (x86)\Windows7Master;D:\android-sdk-windows\tools;C:\Program Files\TortoiseSVN\bin;D:\Program Files (x86)\scala\bin;D:\Program Files\scala\bin;C:\Program Files (x86)\IDM Computer Solutions\UltraEdit\;C:\Program Files (x86)\SSH Communications Security\SSH Secure Shell
2015-11-20 10:30:36 org.apache.coyote.http11.Http11Protocol init
信息: Initializing Coyote HTTP/1.1 on http-8080
2015-11-20 10:30:36 org.apache.coyote.http11.Http11Protocol init
信息: Initializing Coyote HTTP/1.1 on http-8443
2015-11-20 10:30:36 org.apache.catalina.startup.Catalina load
信息: Initialization processed in 644 ms
2015-11-20 10:30:36 org.apache.catalina.core.StandardService start
信息: Starting service Catalina
2015-11-20 10:30:36 org.apache.catalina.core.StandardEngine start
信息: Starting Servlet Engine: Apache Tomcat/6.0.35
2015-11-20 10:30:36 org.apache.catalina.startup.HostConfig deployDescriptor
信息: Deploying configuration descriptor host-manager.xml
2015-11-20 10:30:36 org.apache.catalina.startup.HostConfig deployDescriptor
信息: Deploying configuration descriptor manager.xml
2015-11-20 10:30:36 org.apache.catalina.startup.HostConfig deployDirectory
信息: Deploying web application directory docs
2015-11-20 10:30:36 org.apache.catalina.startup.HostConfig deployDirectory
信息: Deploying web application directory examples
2015-11-20 10:30:37 org.apache.catalina.startup.HostConfig deployDirectory
信息: Deploying web application directory insight
2015-11-20 10:30:46 org.apache.catalina.startup.HostConfig deployDirectory
信息: Deploying web application directory ROOT
2015-11-20 10:30:47 org.apache.coyote.http11.Http11Protocol start
信息: Starting Coyote HTTP/1.1 on http-8080
2015-11-20 10:30:47 org.apache.coyote.http11.Http11Protocol start
信息: Starting Coyote HTTP/1.1 on http-8443
2015-11-20 10:30:47 org.apache.jk.common.ChannelSocket init
信息: JK: ajp13 listening on /0.0.0.0:8009
2015-11-20 10:30:47 org.apache.jk.server.JkMain start
信息: Jk running ID=0 time=0/22  config=null
2015-11-20 10:30:47 org.apache.catalina.startup.Catalina start
信息: Server startup in 10338 ms
2015-11-20 11:21:07 org.apache.catalina.core.AprLifecycleListener init
信息: The APR based Apache Tomcat Native library which allows optimal performance in production environments was not found on the java.library.path: D:\Program Files (x86)\Java\jdk1.6.0_18\bin;.;C:\Windows\Sun\Java\bin;C:\Windows\system32;C:\Windows;E:\app\Administrator\product\11.2.0\dbhome_1\bin;E:\app\wubo\product\11.2.0\dbhome_1\bin;D:\Program Files (x86)\Java\jdk1.6.0_18\bin;C:\apache-maven-3.1.0\bin;C:\apache-cxf-3.0.6\bin;C:\Program Files\Broadcom\Broadcom 802.11 Network Adapter\Driver;C:\Windows\system32;C:\Windows;C:\Windows\System32\Wbem;C:\Windows\System32\WindowsPowerShell\v1.0\;C:\Program Files (x86)\Windows7Master;D:\android-sdk-windows\tools;C:\Program Files\TortoiseSVN\bin;D:\Program Files (x86)\scala\bin;D:\Program Files\scala\bin;C:\Program Files (x86)\IDM Computer Solutions\UltraEdit\;C:\Program Files (x86)\SSH Communications Security\SSH Secure Shell
2015-11-20 11:21:08 org.apache.coyote.http11.Http11Protocol init
信息: Initializing Coyote HTTP/1.1 on http-8080
2015-11-20 11:21:08 org.apache.coyote.http11.Http11Protocol init
信息: Initializing Coyote HTTP/1.1 on http-8443
2015-11-20 11:21:08 org.apache.catalina.startup.Catalina load
信息: Initialization processed in 609 ms
2015-11-20 11:21:08 org.apache.catalina.core.StandardService start
信息: Starting service Catalina
2015-11-20 11:21:08 org.apache.catalina.core.StandardEngine start
信息: Starting Servlet Engine: Apache Tomcat/6.0.35
2015-11-20 11:21:08 org.apache.catalina.startup.HostConfig deployDescriptor
信息: Deploying configuration descriptor host-manager.xml
2015-11-20 11:21:08 org.apache.catalina.startup.HostConfig deployDescriptor
信息: Deploying configuration descriptor manager.xml
2015-11-20 11:21:08 org.apache.catalina.startup.HostConfig deployDirectory
信息: Deploying web application directory docs
2015-11-20 11:21:08 org.apache.catalina.startup.HostConfig deployDirectory
信息: Deploying web application directory examples
2015-11-20 11:21:08 org.apache.catalina.startup.HostConfig deployDirectory
信息: Deploying web application directory insight
2015-11-20 11:21:17 org.apache.catalina.startup.HostConfig deployDirectory
信息: Deploying web application directory ROOT
2015-11-20 11:21:17 org.apache.coyote.http11.Http11Protocol start
信息: Starting Coyote HTTP/1.1 on http-8080
2015-11-20 11:21:17 org.apache.coyote.http11.Http11Protocol start
信息: Starting Coyote HTTP/1.1 on http-8443
2015-11-20 11:21:17 org.apache.jk.common.ChannelSocket init
信息: JK: ajp13 listening on /0.0.0.0:8009
2015-11-20 11:21:17 org.apache.jk.server.JkMain start
信息: Jk running ID=0 time=0/16  config=null
2015-11-20 11:21:17 org.apache.catalina.startup.Catalina start
信息: Server startup in 9452 ms
2015-11-20 11:23:41 org.apache.catalina.core.AprLifecycleListener init
信息: The APR based Apache Tomcat Native library which allows optimal performance in production environments was not found on the java.library.path: D:\Program Files (x86)\Java\jdk1.6.0_18\bin;.;C:\Windows\Sun\Java\bin;C:\Windows\system32;C:\Windows;E:\app\Administrator\product\11.2.0\dbhome_1\bin;E:\app\wubo\product\11.2.0\dbhome_1\bin;D:\Program Files (x86)\Java\jdk1.6.0_18\bin;C:\apache-maven-3.1.0\bin;C:\apache-cxf-3.0.6\bin;C:\Program Files\Broadcom\Broadcom 802.11 Network Adapter\Driver;C:\Windows\system32;C:\Windows;C:\Windows\System32\Wbem;C:\Windows\System32\WindowsPowerShell\v1.0\;C:\Program Files (x86)\Windows7Master;D:\android-sdk-windows\tools;C:\Program Files\TortoiseSVN\bin;D:\Program Files (x86)\scala\bin;D:\Program Files\scala\bin;C:\Program Files (x86)\IDM Computer Solutions\UltraEdit\;C:\Program Files (x86)\SSH Communications Security\SSH Secure Shell
2015-11-20 11:23:41 org.apache.coyote.http11.Http11Protocol init
信息: Initializing Coyote HTTP/1.1 on http-8080
2015-11-20 11:23:42 org.apache.coyote.http11.Http11Protocol init
信息: Initializing Coyote HTTP/1.1 on http-8443
2015-11-20 11:23:42 org.apache.catalina.startup.Catalina load
信息: Initialization processed in 657 ms
2015-11-20 11:23:42 org.apache.catalina.core.StandardService start
信息: Starting service Catalina
2015-11-20 11:23:42 org.apache.catalina.core.StandardEngine start
信息: Starting Servlet Engine: Apache Tomcat/6.0.35
2015-11-20 11:23:42 org.apache.catalina.startup.HostConfig deployDescriptor
信息: Deploying configuration descriptor host-manager.xml
2015-11-20 11:23:42 org.apache.catalina.startup.HostConfig deployDescriptor
信息: Deploying configuration descriptor manager.xml
2015-11-20 11:23:42 org.apache.catalina.startup.HostConfig deployDirectory
信息: Deploying web application directory docs
2015-11-20 11:23:42 org.apache.catalina.startup.HostConfig deployDirectory
信息: Deploying web application directory examples
2015-11-20 11:23:42 org.apache.catalina.startup.HostConfig deployDirectory
信息: Deploying web application directory insight
2015-11-20 11:23:52 org.apache.catalina.startup.HostConfig deployDirectory
信息: Deploying web application directory ROOT
2015-11-20 11:23:52 org.apache.coyote.http11.Http11Protocol start
信息: Starting Coyote HTTP/1.1 on http-8080
2015-11-20 11:23:52 org.apache.coyote.http11.Http11Protocol start
信息: Starting Coyote HTTP/1.1 on http-8443
2015-11-20 11:23:52 org.apache.jk.common.ChannelSocket init
信息: JK: ajp13 listening on /0.0.0.0:8009
2015-11-20 11:23:52 org.apache.jk.server.JkMain start
信息: Jk running ID=0 time=0/18  config=null
2015-11-20 11:23:52 org.apache.catalina.startup.Catalina start
信息: Server startup in 10817 ms
2015-11-20 12:37:07 org.apache.catalina.core.AprLifecycleListener init
信息: The APR based Apache Tomcat Native library which allows optimal performance in production environments was not found on the java.library.path: D:\Program Files (x86)\Java\jdk1.6.0_18\bin;.;C:\Windows\Sun\Java\bin;C:\Windows\system32;C:\Windows;E:\app\Administrator\product\11.2.0\dbhome_1\bin;E:\app\wubo\product\11.2.0\dbhome_1\bin;D:\Program Files (x86)\Java\jdk1.6.0_18\bin;C:\apache-maven-3.1.0\bin;C:\apache-cxf-3.0.6\bin;C:\Program Files\Broadcom\Broadcom 802.11 Network Adapter\Driver;C:\Windows\system32;C:\Windows;C:\Windows\System32\Wbem;C:\Windows\System32\WindowsPowerShell\v1.0\;C:\Program Files (x86)\Windows7Master;D:\android-sdk-windows\tools;C:\Program Files\TortoiseSVN\bin;D:\Program Files (x86)\scala\bin;D:\Program Files\scala\bin;C:\Program Files (x86)\IDM Computer Solutions\UltraEdit\;C:\Program Files (x86)\SSH Communications Security\SSH Secure Shell
2015-11-20 12:37:07 org.apache.coyote.http11.Http11Protocol init
信息: Initializing Coyote HTTP/1.1 on http-8080
2015-11-20 12:37:07 org.apache.coyote.http11.Http11Protocol init
信息: Initializing Coyote HTTP/1.1 on http-8443
2015-11-20 12:37:07 org.apache.catalina.startup.Catalina load
信息: Initialization processed in 628 ms
2015-11-20 12:37:07 org.apache.catalina.core.StandardService start
信息: Starting service Catalina
2015-11-20 12:37:07 org.apache.catalina.core.StandardEngine start
信息: Starting Servlet Engine: Apache Tomcat/6.0.35
2015-11-20 12:37:07 org.apache.catalina.startup.HostConfig deployDescriptor
信息: Deploying configuration descriptor host-manager.xml
2015-11-20 12:37:07 org.apache.catalina.startup.HostConfig deployDescriptor
信息: Deploying configuration descriptor manager.xml
2015-11-20 12:37:07 org.apache.catalina.startup.HostConfig deployDirectory
信息: Deploying web application directory docs
2015-11-20 12:37:08 org.apache.catalina.startup.HostConfig deployDirectory
信息: Deploying web application directory examples
2015-11-20 12:37:08 org.apache.catalina.startup.HostConfig deployDirectory
信息: Deploying web application directory insight
2015-11-20 12:37:18 org.apache.catalina.startup.HostConfig deployDirectory
信息: Deploying web application directory ROOT
2015-11-20 12:37:18 org.apache.coyote.http11.Http11Protocol start
信息: Starting Coyote HTTP/1.1 on http-8080
2015-11-20 12:37:18 org.apache.coyote.http11.Http11Protocol start
信息: Starting Coyote HTTP/1.1 on http-8443
2015-11-20 12:37:18 org.apache.jk.common.ChannelSocket init
信息: JK: ajp13 listening on /0.0.0.0:8009
2015-11-20 12:37:18 org.apache.jk.server.JkMain start
信息: Jk running ID=0 time=0/18  config=null
2015-11-20 12:37:18 org.apache.catalina.startup.Catalina start
信息: Server startup in 10593 ms
2015-11-20 16:06:13 org.apache.catalina.core.AprLifecycleListener init
信息: The APR based Apache Tomcat Native library which allows optimal performance in production environments was not found on the java.library.path: D:\Program Files (x86)\Java\jdk1.6.0_18\bin;.;C:\Windows\Sun\Java\bin;C:\Windows\system32;C:\Windows;E:\app\Administrator\product\11.2.0\dbhome_1\bin;E:\app\wubo\product\11.2.0\dbhome_1\bin;D:\Program Files (x86)\Java\jdk1.6.0_18\bin;C:\apache-maven-3.1.0\bin;C:\apache-cxf-3.0.6\bin;C:\Program Files\Broadcom\Broadcom 802.11 Network Adapter\Driver;C:\Windows\system32;C:\Windows;C:\Windows\System32\Wbem;C:\Windows\System32\WindowsPowerShell\v1.0\;C:\Program Files (x86)\Windows7Master;D:\android-sdk-windows\tools;C:\Program Files\TortoiseSVN\bin;D:\Program Files (x86)\scala\bin;D:\Program Files\scala\bin;C:\Program Files (x86)\IDM Computer Solutions\UltraEdit\;C:\Program Files (x86)\SSH Communications Security\SSH Secure Shell
2015-11-20 16:06:14 org.apache.coyote.http11.Http11Protocol init
严重: Error initializing endpoint
java.net.SocketException: Unrecognized Windows Sockets error: 0: JVM_Bind
	at java.net.PlainSocketImpl.socketBind(Native Method)
	at java.net.PlainSocketImpl.bind(PlainSocketImpl.java:365)
	at java.net.ServerSocket.bind(ServerSocket.java:319)
	at java.net.ServerSocket.<init>(ServerSocket.java:185)
	at java.net.ServerSocket.<init>(ServerSocket.java:141)
	at org.apache.tomcat.util.net.DefaultServerSocketFactory.createSocket(DefaultServerSocketFactory.java:50)
	at org.apache.tomcat.util.net.JIoEndpoint.init(JIoEndpoint.java:538)
	at org.apache.coyote.http11.Http11Protocol.init(Http11Protocol.java:176)
	at org.apache.catalina.connector.Connector.initialize(Connector.java:1049)
	at org.apache.catalina.core.StandardService.initialize(StandardService.java:703)
	at org.apache.catalina.core.StandardServer.initialize(StandardServer.java:838)
	at org.apache.catalina.startup.Catalina.load(Catalina.java:538)
	at org.apache.catalina.startup.Catalina.load(Catalina.java:562)
	at sun.reflect.NativeMethodAccessorImpl.invoke0(Native Method)
	at sun.reflect.NativeMethodAccessorImpl.invoke(NativeMethodAccessorImpl.java:39)
	at sun.reflect.DelegatingMethodAccessorImpl.invoke(DelegatingMethodAccessorImpl.java:25)
	at java.lang.reflect.Method.invoke(Method.java:597)
	at org.apache.catalina.startup.Bootstrap.load(Bootstrap.java:261)
	at org.apache.catalina.startup.Bootstrap.main(Bootstrap.java:413)
2015-11-20 16:06:14 org.apache.catalina.core.StandardService initialize
严重: Failed to initialize connector [Connector[HTTP/1.1-8080]]
LifecycleException:  Protocol handler initialization failed: java.net.SocketException: Unrecognized Windows Sockets error: 0: JVM_Bind
	at org.apache.catalina.connector.Connector.initialize(Connector.java:1051)
	at org.apache.catalina.core.StandardService.initialize(StandardService.java:703)
	at org.apache.catalina.core.StandardServer.initialize(StandardServer.java:838)
	at org.apache.catalina.startup.Catalina.load(Catalina.java:538)
	at org.apache.catalina.startup.Catalina.load(Catalina.java:562)
	at sun.reflect.NativeMethodAccessorImpl.invoke0(Native Method)
	at sun.reflect.NativeMethodAccessorImpl.invoke(NativeMethodAccessorImpl.java:39)
	at sun.reflect.DelegatingMethodAccessorImpl.invoke(DelegatingMethodAccessorImpl.java:25)
	at java.lang.reflect.Method.invoke(Method.java:597)
	at org.apache.catalina.startup.Bootstrap.load(Bootstrap.java:261)
	at org.apache.catalina.startup.Bootstrap.main(Bootstrap.java:413)
2015-11-20 16:06:14 org.apache.coyote.http11.Http11Protocol init
信息: Initializing Coyote HTTP/1.1 on http-8443
2015-11-20 16:06:14 org.apache.catalina.startup.Catalina load
信息: Initialization processed in 742 ms
2015-11-20 16:06:14 org.apache.catalina.core.StandardService start
信息: Starting service Catalina
2015-11-20 16:06:14 org.apache.catalina.core.StandardEngine start
信息: Starting Servlet Engine: Apache Tomcat/6.0.35
2015-11-20 16:06:14 org.apache.catalina.startup.HostConfig deployDescriptor
信息: Deploying configuration descriptor host-manager.xml
2015-11-20 16:06:14 org.apache.catalina.startup.HostConfig deployDescriptor
信息: Deploying configuration descriptor manager.xml
2015-11-20 16:06:14 org.apache.catalina.startup.HostConfig deployWAR
信息: Deploying web application archive insight.war
2015-11-20 16:06:49 org.apache.catalina.core.AprLifecycleListener init
信息: The APR based Apache Tomcat Native library which allows optimal performance in production environments was not found on the java.library.path: D:\Program Files (x86)\Java\jdk1.6.0_18\bin;.;C:\Windows\Sun\Java\bin;C:\Windows\system32;C:\Windows;E:\app\Administrator\product\11.2.0\dbhome_1\bin;E:\app\wubo\product\11.2.0\dbhome_1\bin;D:\Program Files (x86)\Java\jdk1.6.0_18\bin;C:\apache-maven-3.1.0\bin;C:\apache-cxf-3.0.6\bin;C:\Program Files\Broadcom\Broadcom 802.11 Network Adapter\Driver;C:\Windows\system32;C:\Windows;C:\Windows\System32\Wbem;C:\Windows\System32\WindowsPowerShell\v1.0\;C:\Program Files (x86)\Windows7Master;D:\android-sdk-windows\tools;C:\Program Files\TortoiseSVN\bin;D:\Program Files (x86)\scala\bin;D:\Program Files\scala\bin;C:\Program Files (x86)\IDM Computer Solutions\UltraEdit\;C:\Program Files (x86)\SSH Communications Security\SSH Secure Shell
2015-11-20 16:06:49 org.apache.coyote.http11.Http11Protocol init
信息: Initializing Coyote HTTP/1.1 on http-8080
2015-11-20 16:06:49 org.apache.coyote.http11.Http11Protocol init
信息: Initializing Coyote HTTP/1.1 on http-8443
2015-11-20 16:06:49 org.apache.catalina.startup.Catalina load
信息: Initialization processed in 702 ms
2015-11-20 16:06:49 org.apache.catalina.core.StandardService start
信息: Starting service Catalina
2015-11-20 16:06:49 org.apache.catalina.core.StandardEngine start
信息: Starting Servlet Engine: Apache Tomcat/6.0.35
2015-11-20 16:06:49 org.apache.catalina.startup.HostConfig deployDescriptor
信息: Deploying configuration descriptor host-manager.xml
2015-11-20 16:06:49 org.apache.catalina.startup.HostConfig deployDescriptor
信息: Deploying configuration descriptor manager.xml
2015-11-20 16:06:49 org.apache.catalina.startup.HostConfig deployWAR
信息: Deploying web application archive insight.war
2015-11-20 16:06:50 org.apache.catalina.startup.HostConfig deployDirectory
信息: Deploying web application directory docs
2015-11-20 16:06:50 org.apache.catalina.startup.HostConfig deployDirectory
信息: Deploying web application directory examples
2015-11-20 16:06:50 org.apache.catalina.startup.HostConfig deployDirectory
信息: Deploying web application directory ROOT
2015-11-20 16:06:50 org.apache.coyote.http11.Http11Protocol start
信息: Starting Coyote HTTP/1.1 on http-8080
2015-11-20 16:06:50 org.apache.coyote.http11.Http11Protocol start
信息: Starting Coyote HTTP/1.1 on http-8443
2015-11-20 16:06:50 org.apache.jk.common.ChannelSocket init
信息: JK: ajp13 listening on /0.0.0.0:8009
2015-11-20 16:06:50 org.apache.jk.server.JkMain start
信息: Jk running ID=0 time=0/57  config=null
2015-11-20 16:06:50 org.apache.catalina.startup.Catalina start
信息: Server startup in 730 ms
2015-11-20 16:07:16 org.apache.catalina.core.AprLifecycleListener init
信息: The APR based Apache Tomcat Native library which allows optimal performance in production environments was not found on the java.library.path: D:\Program Files (x86)\Java\jdk1.6.0_18\bin;.;C:\Windows\Sun\Java\bin;C:\Windows\system32;C:\Windows;E:\app\Administrator\product\11.2.0\dbhome_1\bin;E:\app\wubo\product\11.2.0\dbhome_1\bin;D:\Program Files (x86)\Java\jdk1.6.0_18\bin;C:\apache-maven-3.1.0\bin;C:\apache-cxf-3.0.6\bin;C:\Program Files\Broadcom\Broadcom 802.11 Network Adapter\Driver;C:\Windows\system32;C:\Windows;C:\Windows\System32\Wbem;C:\Windows\System32\WindowsPowerShell\v1.0\;C:\Program Files (x86)\Windows7Master;D:\android-sdk-windows\tools;C:\Program Files\TortoiseSVN\bin;D:\Program Files (x86)\scala\bin;D:\Program Files\scala\bin;C:\Program Files (x86)\IDM Computer Solutions\UltraEdit\;C:\Program Files (x86)\SSH Communications Security\SSH Secure Shell
2015-11-20 16:07:17 org.apache.coyote.http11.Http11Protocol init
信息: Initializing Coyote HTTP/1.1 on http-8080
2015-11-20 16:07:17 org.apache.coyote.http11.Http11Protocol init
信息: Initializing Coyote HTTP/1.1 on http-8443
2015-11-20 16:07:17 org.apache.catalina.startup.Catalina load
信息: Initialization processed in 686 ms
2015-11-20 16:07:17 org.apache.catalina.core.StandardService start
信息: Starting service Catalina
2015-11-20 16:07:17 org.apache.catalina.core.StandardEngine start
信息: Starting Servlet Engine: Apache Tomcat/6.0.35
2015-11-20 16:07:17 org.apache.catalina.startup.HostConfig deployDescriptor
信息: Deploying configuration descriptor host-manager.xml
2015-11-20 16:07:17 org.apache.catalina.startup.HostConfig deployDescriptor
信息: Deploying configuration descriptor manager.xml
2015-11-20 16:07:17 org.apache.catalina.startup.HostConfig deployWAR
信息: Deploying web application archive insight.war
2015-11-20 16:07:17 org.apache.catalina.startup.HostConfig deployDirectory
信息: Deploying web application directory docs
2015-11-20 16:07:17 org.apache.catalina.startup.HostConfig deployDirectory
信息: Deploying web application directory examples
2015-11-20 16:07:17 org.apache.catalina.startup.HostConfig deployDirectory
信息: Deploying web application directory ROOT
2015-11-20 16:07:17 org.apache.coyote.http11.Http11Protocol start
信息: Starting Coyote HTTP/1.1 on http-8080
2015-11-20 16:07:17 org.apache.coyote.http11.Http11Protocol start
信息: Starting Coyote HTTP/1.1 on http-8443
2015-11-20 16:07:17 org.apache.jk.common.ChannelSocket init
信息: JK: ajp13 listening on /0.0.0.0:8009
2015-11-20 16:07:17 org.apache.jk.server.JkMain start
信息: Jk running ID=0 time=0/18  config=null
2015-11-20 16:07:17 org.apache.catalina.startup.Catalina start
信息: Server startup in 536 ms
2015-11-20 16:07:43 org.apache.catalina.core.AprLifecycleListener init
信息: The APR based Apache Tomcat Native library which allows optimal performance in production environments was not found on the java.library.path: D:\Program Files (x86)\Java\jdk1.6.0_18\bin;.;C:\Windows\Sun\Java\bin;C:\Windows\system32;C:\Windows;E:\app\Administrator\product\11.2.0\dbhome_1\bin;E:\app\wubo\product\11.2.0\dbhome_1\bin;D:\Program Files (x86)\Java\jdk1.6.0_18\bin;C:\apache-maven-3.1.0\bin;C:\apache-cxf-3.0.6\bin;C:\Program Files\Broadcom\Broadcom 802.11 Network Adapter\Driver;C:\Windows\system32;C:\Windows;C:\Windows\System32\Wbem;C:\Windows\System32\WindowsPowerShell\v1.0\;C:\Program Files (x86)\Windows7Master;D:\android-sdk-windows\tools;C:\Program Files\TortoiseSVN\bin;D:\Program Files (x86)\scala\bin;D:\Program Files\scala\bin;C:\Program Files (x86)\IDM Computer Solutions\UltraEdit\;C:\Program Files (x86)\SSH Communications Security\SSH Secure Shell
2015-11-20 16:07:44 org.apache.coyote.http11.Http11Protocol init
信息: Initializing Coyote HTTP/1.1 on http-8080
2015-11-20 16:07:44 org.apache.coyote.http11.Http11Protocol init
信息: Initializing Coyote HTTP/1.1 on http-8443
2015-11-20 16:07:44 org.apache.catalina.startup.Catalina load
信息: Initialization processed in 792 ms
2015-11-20 16:07:44 org.apache.catalina.core.StandardService start
信息: Starting service Catalina
2015-11-20 16:07:44 org.apache.catalina.core.StandardEngine start
信息: Starting Servlet Engine: Apache Tomcat/6.0.35
2015-11-20 16:07:44 org.apache.catalina.startup.HostConfig deployDescriptor
信息: Deploying configuration descriptor host-manager.xml
2015-11-20 16:07:44 org.apache.catalina.startup.HostConfig deployDescriptor
信息: Deploying configuration descriptor manager.xml
2015-11-20 16:07:44 org.apache.catalina.startup.HostConfig deployWAR
信息: Deploying web application archive insight.war
2015-11-20 16:07:44 org.apache.catalina.startup.HostConfig deployDirectory
信息: Deploying web application directory docs
2015-11-20 16:07:44 org.apache.catalina.startup.HostConfig deployDirectory
信息: Deploying web application directory examples
2015-11-20 16:07:44 org.apache.catalina.startup.HostConfig deployDirectory
信息: Deploying web application directory ROOT
2015-11-20 16:07:45 org.apache.coyote.http11.Http11Protocol start
信息: Starting Coyote HTTP/1.1 on http-8080
2015-11-20 16:07:45 org.apache.coyote.http11.Http11Protocol start
信息: Starting Coyote HTTP/1.1 on http-8443
2015-11-20 16:07:45 org.apache.jk.common.ChannelSocket init
信息: JK: ajp13 listening on /0.0.0.0:8009
2015-11-20 16:07:45 org.apache.jk.server.JkMain start
信息: Jk running ID=0 time=0/19  config=null
2015-11-20 16:07:45 org.apache.catalina.startup.Catalina start
信息: Server startup in 654 ms
2015-11-20 16:07:51 org.apache.catalina.core.AprLifecycleListener init
信息: The APR based Apache Tomcat Native library which allows optimal performance in production environments was not found on the java.library.path: D:\Program Files (x86)\Java\jdk1.6.0_18\bin;.;C:\Windows\Sun\Java\bin;C:\Windows\system32;C:\Windows;E:\app\Administrator\product\11.2.0\dbhome_1\bin;E:\app\wubo\product\11.2.0\dbhome_1\bin;D:\Program Files (x86)\Java\jdk1.6.0_18\bin;C:\apache-maven-3.1.0\bin;C:\apache-cxf-3.0.6\bin;C:\Program Files\Broadcom\Broadcom 802.11 Network Adapter\Driver;C:\Windows\system32;C:\Windows;C:\Windows\System32\Wbem;C:\Windows\System32\WindowsPowerShell\v1.0\;C:\Program Files (x86)\Windows7Master;D:\android-sdk-windows\tools;C:\Program Files\TortoiseSVN\bin;D:\Program Files (x86)\scala\bin;D:\Program Files\scala\bin;C:\Program Files (x86)\IDM Computer Solutions\UltraEdit\;C:\Program Files (x86)\SSH Communications Security\SSH Secure Shell
2015-11-20 16:07:51 org.apache.coyote.http11.Http11Protocol init
信息: Initializing Coyote HTTP/1.1 on http-8080
2015-11-20 16:07:51 org.apache.coyote.http11.Http11Protocol init
信息: Initializing Coyote HTTP/1.1 on http-8443
2015-11-20 16:07:51 org.apache.catalina.startup.Catalina load
信息: Initialization processed in 671 ms
2015-11-20 16:07:51 org.apache.catalina.core.StandardService start
信息: Starting service Catalina
2015-11-20 16:07:51 org.apache.catalina.core.StandardEngine start
信息: Starting Servlet Engine: Apache Tomcat/6.0.35
2015-11-20 16:07:51 org.apache.catalina.startup.HostConfig deployDescriptor
信息: Deploying configuration descriptor host-manager.xml
2015-11-20 16:07:51 org.apache.catalina.startup.HostConfig deployDescriptor
信息: Deploying configuration descriptor manager.xml
2015-11-20 16:07:51 org.apache.catalina.startup.HostConfig deployWAR
信息: Deploying web application archive insight.war
2015-11-20 16:07:51 org.apache.catalina.startup.HostConfig deployDirectory
信息: Deploying web application directory docs
2015-11-20 16:07:51 org.apache.catalina.startup.HostConfig deployDirectory
信息: Deploying web application directory examples
2015-11-20 16:07:51 org.apache.catalina.startup.HostConfig deployDirectory
信息: Deploying web application directory ROOT
2015-11-20 16:07:52 org.apache.coyote.http11.Http11Protocol start
信息: Starting Coyote HTTP/1.1 on http-8080
2015-11-20 16:07:52 org.apache.coyote.http11.Http11Protocol start
信息: Starting Coyote HTTP/1.1 on http-8443
2015-11-20 16:07:52 org.apache.jk.common.ChannelSocket init
信息: JK: ajp13 listening on /0.0.0.0:8009
2015-11-20 16:07:52 org.apache.jk.server.JkMain start
信息: Jk running ID=0 time=0/19  config=null
2015-11-20 16:07:52 org.apache.catalina.startup.Catalina start
信息: Server startup in 495 ms
2015-11-20 16:08:03 org.apache.catalina.core.AprLifecycleListener init
信息: The APR based Apache Tomcat Native library which allows optimal performance in production environments was not found on the java.library.path: D:\Program Files (x86)\Java\jdk1.6.0_18\bin;.;C:\Windows\Sun\Java\bin;C:\Windows\system32;C:\Windows;E:\app\Administrator\product\11.2.0\dbhome_1\bin;E:\app\wubo\product\11.2.0\dbhome_1\bin;D:\Program Files (x86)\Java\jdk1.6.0_18\bin;C:\apache-maven-3.1.0\bin;C:\apache-cxf-3.0.6\bin;C:\Program Files\Broadcom\Broadcom 802.11 Network Adapter\Driver;C:\Windows\system32;C:\Windows;C:\Windows\System32\Wbem;C:\Windows\System32\WindowsPowerShell\v1.0\;C:\Program Files (x86)\Windows7Master;D:\android-sdk-windows\tools;C:\Program Files\TortoiseSVN\bin;D:\Program Files (x86)\scala\bin;D:\Program Files\scala\bin;C:\Program Files (x86)\IDM Computer Solutions\UltraEdit\;C:\Program Files (x86)\SSH Communications Security\SSH Secure Shell
2015-11-20 16:08:03 org.apache.coyote.http11.Http11Protocol init
信息: Initializing Coyote HTTP/1.1 on http-8080
2015-11-20 16:08:04 org.apache.coyote.http11.Http11Protocol init
信息: Initializing Coyote HTTP/1.1 on http-8443
2015-11-20 16:08:04 org.apache.catalina.startup.Catalina load
信息: Initialization processed in 655 ms
2015-11-20 16:08:04 org.apache.catalina.core.StandardService start
信息: Starting service Catalina
2015-11-20 16:08:04 org.apache.catalina.core.StandardEngine start
信息: Starting Servlet Engine: Apache Tomcat/6.0.35
2015-11-20 16:08:04 org.apache.catalina.startup.HostConfig deployDescriptor
信息: Deploying configuration descriptor host-manager.xml
2015-11-20 16:08:04 org.apache.catalina.startup.HostConfig deployDescriptor
信息: Deploying configuration descriptor manager.xml
2015-11-20 16:08:04 org.apache.catalina.startup.HostConfig deployWAR
信息: Deploying web application archive insight.war
2015-11-20 16:08:04 org.apache.catalina.startup.HostConfig deployDirectory
信息: Deploying web application directory docs
2015-11-20 16:08:04 org.apache.catalina.startup.HostConfig deployDirectory
信息: Deploying web application directory examples
2015-11-20 16:08:04 org.apache.catalina.startup.HostConfig deployDirectory
信息: Deploying web application directory ROOT
2015-11-20 16:08:04 org.apache.coyote.http11.Http11Protocol start
信息: Starting Coyote HTTP/1.1 on http-8080
2015-11-20 16:08:04 org.apache.coyote.http11.Http11Protocol start
信息: Starting Coyote HTTP/1.1 on http-8443
2015-11-20 16:08:04 org.apache.jk.common.ChannelSocket init
信息: JK: ajp13 listening on /0.0.0.0:8009
2015-11-20 16:08:04 org.apache.jk.server.JkMain start
信息: Jk running ID=0 time=0/17  config=null
2015-11-20 16:08:04 org.apache.catalina.startup.Catalina start
信息: Server startup in 542 ms
2015-11-20 16:10:14 org.apache.catalina.startup.HostConfig checkResources
信息: Reloading context [/insight]
2015-11-20 16:10:14 org.apache.catalina.core.StandardContext start
严重: Error listenerStart
2015-11-20 16:10:14 org.apache.catalina.core.StandardContext start
严重: Context [/insight] startup failed due to previous errors
2015-11-20 16:10:25 org.apache.catalina.startup.HostConfig checkResources
信息: Undeploying context [/insight]
2015-11-20 16:12:01 org.apache.catalina.core.AprLifecycleListener init
信息: The APR based Apache Tomcat Native library which allows optimal performance in production environments was not found on the java.library.path: D:\Program Files (x86)\Java\jdk1.6.0_18\bin;.;C:\Windows\Sun\Java\bin;C:\Windows\system32;C:\Windows;E:\app\Administrator\product\11.2.0\dbhome_1\bin;E:\app\wubo\product\11.2.0\dbhome_1\bin;D:\Program Files (x86)\Java\jdk1.6.0_18\bin;C:\apache-maven-3.1.0\bin;C:\apache-cxf-3.0.6\bin;C:\Program Files\Broadcom\Broadcom 802.11 Network Adapter\Driver;C:\Windows\system32;C:\Windows;C:\Windows\System32\Wbem;C:\Windows\System32\WindowsPowerShell\v1.0\;C:\Program Files (x86)\Windows7Master;D:\android-sdk-windows\tools;C:\Program Files\TortoiseSVN\bin;D:\Program Files (x86)\scala\bin;D:\Program Files\scala\bin;C:\Program Files (x86)\IDM Computer Solutions\UltraEdit\;C:\Program Files (x86)\SSH Communications Security\SSH Secure Shell
2015-11-20 16:12:01 org.apache.coyote.http11.Http11Protocol init
信息: Initializing Coyote HTTP/1.1 on http-8080
2015-11-20 16:12:01 org.apache.coyote.http11.Http11Protocol init
信息: Initializing Coyote HTTP/1.1 on http-8443
2015-11-20 16:12:01 org.apache.catalina.startup.Catalina load
信息: Initialization processed in 637 ms
2015-11-20 16:12:01 org.apache.catalina.core.StandardService start
信息: Starting service Catalina
2015-11-20 16:12:01 org.apache.catalina.core.StandardEngine start
信息: Starting Servlet Engine: Apache Tomcat/6.0.35
2015-11-20 16:12:01 org.apache.catalina.startup.HostConfig deployDescriptor
信息: Deploying configuration descriptor host-manager.xml
2015-11-20 16:12:01 org.apache.catalina.startup.HostConfig deployDescriptor
信息: Deploying configuration descriptor manager.xml
2015-11-20 16:12:01 org.apache.catalina.startup.HostConfig deployDirectory
信息: Deploying web application directory docs
2015-11-20 16:12:01 org.apache.catalina.startup.HostConfig deployDirectory
信息: Deploying web application directory examples
2015-11-20 16:12:01 org.apache.catalina.startup.HostConfig deployDirectory
信息: Deploying web application directory insight
2015-11-20 16:12:12 org.apache.catalina.startup.HostConfig deployDirectory
信息: Deploying web application directory ROOT
2015-11-20 16:12:12 org.apache.coyote.http11.Http11Protocol start
信息: Starting Coyote HTTP/1.1 on http-8080
2015-11-20 16:12:12 org.apache.coyote.http11.Http11Protocol start
信息: Starting Coyote HTTP/1.1 on http-8443
2015-11-20 16:12:12 org.apache.jk.common.ChannelSocket init
信息: JK: ajp13 listening on /0.0.0.0:8009
2015-11-20 16:12:12 org.apache.jk.server.JkMain start
信息: Jk running ID=0 time=0/21  config=null
2015-11-20 16:12:12 org.apache.catalina.startup.Catalina start
信息: Server startup in 11432 ms
2015-11-20 16:20:20 org.apache.catalina.core.AprLifecycleListener init
信息: The APR based Apache Tomcat Native library which allows optimal performance in production environments was not found on the java.library.path: D:\Program Files (x86)\Java\jdk1.6.0_18\bin;.;C:\Windows\Sun\Java\bin;C:\Windows\system32;C:\Windows;E:\app\Administrator\product\11.2.0\dbhome_1\bin;E:\app\wubo\product\11.2.0\dbhome_1\bin;D:\Program Files (x86)\Java\jdk1.6.0_18\bin;C:\apache-maven-3.1.0\bin;C:\apache-cxf-3.0.6\bin;C:\Program Files\Broadcom\Broadcom 802.11 Network Adapter\Driver;C:\Windows\system32;C:\Windows;C:\Windows\System32\Wbem;C:\Windows\System32\WindowsPowerShell\v1.0\;C:\Program Files (x86)\Windows7Master;D:\android-sdk-windows\tools;C:\Program Files\TortoiseSVN\bin;D:\Program Files (x86)\scala\bin;D:\Program Files\scala\bin;C:\Program Files (x86)\IDM Computer Solutions\UltraEdit\;C:\Program Files (x86)\SSH Communications Security\SSH Secure Shell
2015-11-20 16:20:20 org.apache.coyote.http11.Http11Protocol init
信息: Initializing Coyote HTTP/1.1 on http-8080
2015-11-20 16:20:20 org.apache.coyote.http11.Http11Protocol init
信息: Initializing Coyote HTTP/1.1 on http-8443
2015-11-20 16:20:20 org.apache.catalina.startup.Catalina load
信息: Initialization processed in 667 ms
2015-11-20 16:20:20 org.apache.catalina.core.StandardService start
信息: Starting service Catalina
2015-11-20 16:20:20 org.apache.catalina.core.StandardEngine start
信息: Starting Servlet Engine: Apache Tomcat/6.0.35
2015-11-20 16:20:20 org.apache.catalina.startup.HostConfig deployDescriptor
信息: Deploying configuration descriptor host-manager.xml
2015-11-20 16:20:20 org.apache.catalina.startup.HostConfig deployDescriptor
信息: Deploying configuration descriptor manager.xml
2015-11-20 16:20:20 org.apache.catalina.startup.HostConfig deployWAR
信息: Deploying web application archive insight.war
2015-11-20 16:20:41 org.apache.catalina.startup.HostConfig deployDirectory
信息: Deploying web application directory docs
2015-11-20 16:20:41 org.apache.catalina.startup.HostConfig deployDirectory
信息: Deploying web application directory examples
2015-11-20 16:20:41 org.apache.catalina.startup.HostConfig deployDirectory
信息: Deploying web application directory ROOT
2015-11-20 16:20:41 org.apache.coyote.http11.Http11Protocol start
信息: Starting Coyote HTTP/1.1 on http-8080
2015-11-20 16:20:41 org.apache.coyote.http11.Http11Protocol start
信息: Starting Coyote HTTP/1.1 on http-8443
2015-11-20 16:20:41 org.apache.jk.common.ChannelSocket init
信息: JK: ajp13 listening on /0.0.0.0:8009
2015-11-20 16:20:41 org.apache.jk.server.JkMain start
信息: Jk running ID=0 time=0/20  config=null
2015-11-20 16:20:41 org.apache.catalina.startup.Catalina start
信息: Server startup in 21394 ms
2015-11-20 16:28:13 org.apache.catalina.core.AprLifecycleListener init
信息: The APR based Apache Tomcat Native library which allows optimal performance in production environments was not found on the java.library.path: D:\Program Files (x86)\Java\jdk1.6.0_18\bin;.;C:\Windows\Sun\Java\bin;C:\Windows\system32;C:\Windows;E:\app\Administrator\product\11.2.0\dbhome_1\bin;E:\app\wubo\product\11.2.0\dbhome_1\bin;D:\Program Files (x86)\Java\jdk1.6.0_18\bin;C:\apache-maven-3.1.0\bin;C:\apache-cxf-3.0.6\bin;C:\Program Files\Broadcom\Broadcom 802.11 Network Adapter\Driver;C:\Windows\system32;C:\Windows;C:\Windows\System32\Wbem;C:\Windows\System32\WindowsPowerShell\v1.0\;C:\Program Files (x86)\Windows7Master;D:\android-sdk-windows\tools;C:\Program Files\TortoiseSVN\bin;D:\Program Files (x86)\scala\bin;D:\Program Files\scala\bin;C:\Program Files (x86)\IDM Computer Solutions\UltraEdit\;C:\Program Files (x86)\SSH Communications Security\SSH Secure Shell
2015-11-20 16:28:13 org.apache.coyote.http11.Http11Protocol init
严重: Error initializing endpoint
java.net.SocketException: Unrecognized Windows Sockets error: 0: JVM_Bind
	at java.net.PlainSocketImpl.socketBind(Native Method)
	at java.net.PlainSocketImpl.bind(PlainSocketImpl.java:365)
	at java.net.ServerSocket.bind(ServerSocket.java:319)
	at java.net.ServerSocket.<init>(ServerSocket.java:185)
	at java.net.ServerSocket.<init>(ServerSocket.java:141)
	at org.apache.tomcat.util.net.DefaultServerSocketFactory.createSocket(DefaultServerSocketFactory.java:50)
	at org.apache.tomcat.util.net.JIoEndpoint.init(JIoEndpoint.java:538)
	at org.apache.coyote.http11.Http11Protocol.init(Http11Protocol.java:176)
	at org.apache.catalina.connector.Connector.initialize(Connector.java:1049)
	at org.apache.catalina.core.StandardService.initialize(StandardService.java:703)
	at org.apache.catalina.core.StandardServer.initialize(StandardServer.java:838)
	at org.apache.catalina.startup.Catalina.load(Catalina.java:538)
	at org.apache.catalina.startup.Catalina.load(Catalina.java:562)
	at sun.reflect.NativeMethodAccessorImpl.invoke0(Native Method)
	at sun.reflect.NativeMethodAccessorImpl.invoke(NativeMethodAccessorImpl.java:39)
	at sun.reflect.DelegatingMethodAccessorImpl.invoke(DelegatingMethodAccessorImpl.java:25)
	at java.lang.reflect.Method.invoke(Method.java:597)
	at org.apache.catalina.startup.Bootstrap.load(Bootstrap.java:261)
	at org.apache.catalina.startup.Bootstrap.main(Bootstrap.java:413)
2015-11-20 16:28:13 org.apache.catalina.core.StandardService initialize
严重: Failed to initialize connector [Connector[HTTP/1.1-8080]]
LifecycleException:  Protocol handler initialization failed: java.net.SocketException: Unrecognized Windows Sockets error: 0: JVM_Bind
	at org.apache.catalina.connector.Connector.initialize(Connector.java:1051)
	at org.apache.catalina.core.StandardService.initialize(StandardService.java:703)
	at org.apache.catalina.core.StandardServer.initialize(StandardServer.java:838)
	at org.apache.catalina.startup.Catalina.load(Catalina.java:538)
	at org.apache.catalina.startup.Catalina.load(Catalina.java:562)
	at sun.reflect.NativeMethodAccessorImpl.invoke0(Native Method)
	at sun.reflect.NativeMethodAccessorImpl.invoke(NativeMethodAccessorImpl.java:39)
	at sun.reflect.DelegatingMethodAccessorImpl.invoke(DelegatingMethodAccessorImpl.java:25)
	at java.lang.reflect.Method.invoke(Method.java:597)
	at org.apache.catalina.startup.Bootstrap.load(Bootstrap.java:261)
	at org.apache.catalina.startup.Bootstrap.main(Bootstrap.java:413)
2015-11-20 16:28:13 org.apache.coyote.http11.Http11Protocol init
信息: Initializing Coyote HTTP/1.1 on http-8443
2015-11-20 16:28:13 org.apache.catalina.startup.Catalina load
信息: Initialization processed in 732 ms
2015-11-20 16:28:13 org.apache.catalina.core.StandardService start
信息: Starting service Catalina
2015-11-20 16:28:13 org.apache.catalina.core.StandardEngine start
信息: Starting Servlet Engine: Apache Tomcat/6.0.35
2015-11-20 16:28:13 org.apache.catalina.startup.HostConfig deployDescriptor
信息: Deploying configuration descriptor host-manager.xml
2015-11-20 16:28:13 org.apache.catalina.startup.HostConfig deployDescriptor
信息: Deploying configuration descriptor manager.xml
2015-11-20 16:28:13 org.apache.catalina.startup.HostConfig deployDirectory
信息: Deploying web application directory docs
2015-11-20 16:28:13 org.apache.catalina.startup.HostConfig deployDirectory
信息: Deploying web application directory examples
2015-11-20 16:28:13 org.apache.catalina.startup.HostConfig deployDirectory
信息: Deploying web application directory insight
2015-11-20 16:28:31 org.apache.catalina.core.AprLifecycleListener init
信息: The APR based Apache Tomcat Native library which allows optimal performance in production environments was not found on the java.library.path: D:\Program Files (x86)\Java\jdk1.6.0_18\bin;.;C:\Windows\Sun\Java\bin;C:\Windows\system32;C:\Windows;E:\app\Administrator\product\11.2.0\dbhome_1\bin;E:\app\wubo\product\11.2.0\dbhome_1\bin;D:\Program Files (x86)\Java\jdk1.6.0_18\bin;C:\apache-maven-3.1.0\bin;C:\apache-cxf-3.0.6\bin;C:\Program Files\Broadcom\Broadcom 802.11 Network Adapter\Driver;C:\Windows\system32;C:\Windows;C:\Windows\System32\Wbem;C:\Windows\System32\WindowsPowerShell\v1.0\;C:\Program Files (x86)\Windows7Master;D:\android-sdk-windows\tools;C:\Program Files\TortoiseSVN\bin;D:\Program Files (x86)\scala\bin;D:\Program Files\scala\bin;C:\Program Files (x86)\IDM Computer Solutions\UltraEdit\;C:\Program Files (x86)\SSH Communications Security\SSH Secure Shell
2015-11-20 16:28:32 org.apache.coyote.http11.Http11Protocol init
信息: Initializing Coyote HTTP/1.1 on http-8080
2015-11-20 16:28:32 org.apache.coyote.http11.Http11Protocol init
信息: Initializing Coyote HTTP/1.1 on http-8443
2015-11-20 16:28:32 org.apache.catalina.startup.Catalina load
信息: Initialization processed in 719 ms
2015-11-20 16:28:32 org.apache.catalina.core.StandardService start
信息: Starting service Catalina
2015-11-20 16:28:32 org.apache.catalina.core.StandardEngine start
信息: Starting Servlet Engine: Apache Tomcat/6.0.35
2015-11-20 16:28:32 org.apache.catalina.startup.HostConfig deployDescriptor
信息: Deploying configuration descriptor host-manager.xml
2015-11-20 16:28:32 org.apache.catalina.startup.HostConfig deployDescriptor
信息: Deploying configuration descriptor manager.xml
2015-11-20 16:28:32 org.apache.catalina.startup.HostConfig deployDirectory
信息: Deploying web application directory docs
2015-11-20 16:28:32 org.apache.catalina.startup.HostConfig deployDirectory
信息: Deploying web application directory examples
2015-11-20 16:28:32 org.apache.catalina.startup.HostConfig deployDirectory
信息: Deploying web application directory insight
2015-11-20 16:28:43 org.apache.catalina.startup.HostConfig deployDirectory
信息: Deploying web application directory ROOT
2015-11-20 16:28:43 org.apache.coyote.http11.Http11Protocol start
信息: Starting Coyote HTTP/1.1 on http-8080
2015-11-20 16:28:43 org.apache.coyote.http11.Http11Protocol start
信息: Starting Coyote HTTP/1.1 on http-8443
2015-11-20 16:28:43 org.apache.jk.common.ChannelSocket init
信息: JK: ajp13 listening on /0.0.0.0:8009
2015-11-20 16:28:43 org.apache.jk.server.JkMain start
信息: Jk running ID=0 time=0/18  config=null
2015-11-20 16:28:43 org.apache.catalina.startup.Catalina start
信息: Server startup in 11328 ms
2015-11-20 16:31:27 org.apache.catalina.core.AprLifecycleListener init
信息: The APR based Apache Tomcat Native library which allows optimal performance in production environments was not found on the java.library.path: D:\Program Files (x86)\Java\jdk1.6.0_18\bin;.;C:\Windows\Sun\Java\bin;C:\Windows\system32;C:\Windows;E:\app\Administrator\product\11.2.0\dbhome_1\bin;E:\app\wubo\product\11.2.0\dbhome_1\bin;D:\Program Files (x86)\Java\jdk1.6.0_18\bin;C:\apache-maven-3.1.0\bin;C:\apache-cxf-3.0.6\bin;C:\Program Files\Broadcom\Broadcom 802.11 Network Adapter\Driver;C:\Windows\system32;C:\Windows;C:\Windows\System32\Wbem;C:\Windows\System32\WindowsPowerShell\v1.0\;C:\Program Files (x86)\Windows7Master;D:\android-sdk-windows\tools;C:\Program Files\TortoiseSVN\bin;D:\Program Files (x86)\scala\bin;D:\Program Files\scala\bin;C:\Program Files (x86)\IDM Computer Solutions\UltraEdit\;C:\Program Files (x86)\SSH Communications Security\SSH Secure Shell
2015-11-20 16:31:27 org.apache.coyote.http11.Http11Protocol init
信息: Initializing Coyote HTTP/1.1 on http-8080
2015-11-20 16:31:28 org.apache.coyote.http11.Http11Protocol init
信息: Initializing Coyote HTTP/1.1 on http-8443
2015-11-20 16:31:28 org.apache.catalina.startup.Catalina load
信息: Initialization processed in 651 ms
2015-11-20 16:31:28 org.apache.catalina.core.StandardService start
信息: Starting service Catalina
2015-11-20 16:31:28 org.apache.catalina.core.StandardEngine start
信息: Starting Servlet Engine: Apache Tomcat/6.0.35
2015-11-20 16:31:28 org.apache.catalina.startup.HostConfig deployDescriptor
信息: Deploying configuration descriptor host-manager.xml
2015-11-20 16:31:28 org.apache.catalina.startup.HostConfig deployDescriptor
信息: Deploying configuration descriptor manager.xml
2015-11-20 16:31:28 org.apache.catalina.startup.HostConfig deployDirectory
信息: Deploying web application directory docs
2015-11-20 16:31:28 org.apache.catalina.startup.HostConfig deployDirectory
信息: Deploying web application directory examples
2015-11-20 16:31:28 org.apache.catalina.startup.HostConfig deployDirectory
信息: Deploying web application directory insight
2015-11-20 16:31:39 org.apache.catalina.startup.HostConfig deployDirectory
信息: Deploying web application directory ROOT
2015-11-20 16:31:39 org.apache.coyote.http11.Http11Protocol start
信息: Starting Coyote HTTP/1.1 on http-8080
2015-11-20 16:31:39 org.apache.coyote.http11.Http11Protocol start
信息: Starting Coyote HTTP/1.1 on http-8443
2015-11-20 16:31:39 org.apache.jk.common.ChannelSocket init
信息: JK: ajp13 listening on /0.0.0.0:8009
2015-11-20 16:31:39 org.apache.jk.server.JkMain start
信息: Jk running ID=0 time=0/18  config=null
2015-11-20 16:31:39 org.apache.catalina.startup.Catalina start
信息: Server startup in 11609 ms
2015-11-20 16:36:01 org.apache.catalina.core.AprLifecycleListener init
信息: The APR based Apache Tomcat Native library which allows optimal performance in production environments was not found on the java.library.path: D:\Program Files (x86)\Java\jdk1.6.0_18\bin;.;C:\Windows\Sun\Java\bin;C:\Windows\system32;C:\Windows;E:\app\Administrator\product\11.2.0\dbhome_1\bin;E:\app\wubo\product\11.2.0\dbhome_1\bin;D:\Program Files (x86)\Java\jdk1.6.0_18\bin;C:\apache-maven-3.1.0\bin;C:\apache-cxf-3.0.6\bin;C:\Program Files\Broadcom\Broadcom 802.11 Network Adapter\Driver;C:\Windows\system32;C:\Windows;C:\Windows\System32\Wbem;C:\Windows\System32\WindowsPowerShell\v1.0\;C:\Program Files (x86)\Windows7Master;D:\android-sdk-windows\tools;C:\Program Files\TortoiseSVN\bin;D:\Program Files (x86)\scala\bin;D:\Program Files\scala\bin;C:\Program Files (x86)\IDM Computer Solutions\UltraEdit\;C:\Program Files (x86)\SSH Communications Security\SSH Secure Shell
2015-11-20 16:36:01 org.apache.coyote.http11.Http11Protocol init
信息: Initializing Coyote HTTP/1.1 on http-8080
2015-11-20 16:36:01 org.apache.coyote.http11.Http11Protocol init
信息: Initializing Coyote HTTP/1.1 on http-8443
2015-11-20 16:36:01 org.apache.catalina.startup.Catalina load
信息: Initialization processed in 681 ms
2015-11-20 16:36:01 org.apache.catalina.core.StandardService start
信息: Starting service Catalina
2015-11-20 16:36:01 org.apache.catalina.core.StandardEngine start
信息: Starting Servlet Engine: Apache Tomcat/6.0.35
2015-11-20 16:36:01 org.apache.catalina.startup.HostConfig deployDescriptor
信息: Deploying configuration descriptor host-manager.xml
2015-11-20 16:36:01 org.apache.catalina.startup.HostConfig deployDescriptor
信息: Deploying configuration descriptor manager.xml
2015-11-20 16:36:01 org.apache.catalina.startup.HostConfig deployDirectory
信息: Deploying web application directory docs
2015-11-20 16:36:01 org.apache.catalina.startup.HostConfig deployDirectory
信息: Deploying web application directory examples
2015-11-20 16:36:02 org.apache.catalina.startup.HostConfig deployDirectory
信息: Deploying web application directory insight
2015-11-20 16:36:13 org.apache.catalina.startup.HostConfig deployDirectory
信息: Deploying web application directory ROOT
2015-11-20 16:36:13 org.apache.coyote.http11.Http11Protocol start
信息: Starting Coyote HTTP/1.1 on http-8080
2015-11-20 16:36:13 org.apache.coyote.http11.Http11Protocol start
信息: Starting Coyote HTTP/1.1 on http-8443
2015-11-20 16:36:13 org.apache.jk.common.ChannelSocket init
信息: JK: ajp13 listening on /0.0.0.0:8009
2015-11-20 16:36:13 org.apache.jk.server.JkMain start
信息: Jk running ID=0 time=0/19  config=null
2015-11-20 16:36:13 org.apache.catalina.startup.Catalina start
信息: Server startup in 11534 ms
2015-11-20 16:38:55 org.apache.catalina.core.AprLifecycleListener init
信息: The APR based Apache Tomcat Native library which allows optimal performance in production environments was not found on the java.library.path: D:\Program Files (x86)\Java\jdk1.6.0_18\bin;.;C:\Windows\Sun\Java\bin;C:\Windows\system32;C:\Windows;E:\app\Administrator\product\11.2.0\dbhome_1\bin;E:\app\wubo\product\11.2.0\dbhome_1\bin;D:\Program Files (x86)\Java\jdk1.6.0_18\bin;C:\apache-maven-3.1.0\bin;C:\apache-cxf-3.0.6\bin;C:\Program Files\Broadcom\Broadcom 802.11 Network Adapter\Driver;C:\Windows\system32;C:\Windows;C:\Windows\System32\Wbem;C:\Windows\System32\WindowsPowerShell\v1.0\;C:\Program Files (x86)\Windows7Master;D:\android-sdk-windows\tools;C:\Program Files\TortoiseSVN\bin;D:\Program Files (x86)\scala\bin;D:\Program Files\scala\bin;C:\Program Files (x86)\IDM Computer Solutions\UltraEdit\;C:\Program Files (x86)\SSH Communications Security\SSH Secure Shell
2015-11-20 16:38:55 org.apache.coyote.http11.Http11Protocol init
信息: Initializing Coyote HTTP/1.1 on http-8080
2015-11-20 16:38:56 org.apache.coyote.http11.Http11Protocol init
信息: Initializing Coyote HTTP/1.1 on http-8443
2015-11-20 16:38:56 org.apache.catalina.startup.Catalina load
信息: Initialization processed in 653 ms
2015-11-20 16:38:56 org.apache.catalina.core.StandardService start
信息: Starting service Catalina
2015-11-20 16:38:56 org.apache.catalina.core.StandardEngine start
信息: Starting Servlet Engine: Apache Tomcat/6.0.35
2015-11-20 16:38:56 org.apache.catalina.startup.HostConfig deployDescriptor
信息: Deploying configuration descriptor host-manager.xml
2015-11-20 16:38:56 org.apache.catalina.startup.HostConfig deployDescriptor
信息: Deploying configuration descriptor manager.xml
2015-11-20 16:38:56 org.apache.catalina.startup.HostConfig deployDirectory
信息: Deploying web application directory docs
2015-11-20 16:38:56 org.apache.catalina.startup.HostConfig deployDirectory
信息: Deploying web application directory examples
2015-11-20 16:38:56 org.apache.catalina.startup.HostConfig deployDirectory
信息: Deploying web application directory insight
2015-11-20 16:39:07 org.apache.catalina.startup.HostConfig deployDirectory
信息: Deploying web application directory ROOT
2015-11-20 16:39:07 org.apache.coyote.http11.Http11Protocol start
信息: Starting Coyote HTTP/1.1 on http-8080
2015-11-20 16:39:07 org.apache.coyote.http11.Http11Protocol start
信息: Starting Coyote HTTP/1.1 on http-8443
2015-11-20 16:39:07 org.apache.jk.common.ChannelSocket init
信息: JK: ajp13 listening on /0.0.0.0:8009
2015-11-20 16:39:07 org.apache.jk.server.JkMain start
信息: Jk running ID=0 time=0/19  config=null
2015-11-20 16:39:07 org.apache.catalina.startup.Catalina start
信息: Server startup in 11198 ms
